build/app/intermediates/manifest_merge_blame_file/release/manifest-merger-blame-release-report.txt
1<?xml version="1.0" encoding="utf-8"?>
2<manifest xmlns:android="http://schemas.android.com/apk/res/android"
3    package="com.alphacom.driver"
4    android:versionCode="3"
5    android:versionName="1.0.2" >
6
7    <uses-sdk
8        android:minSdkVersion="21"
8-->src/main/AndroidManifest.xml
9        android:targetSdkVersion="33" />
9-->src/main/AndroidManifest.xml
10
11    <uses-permission android:name="android.permission.SCHEDULE_EXACT_ALARM" />
11-->src/main/AndroidManifest.xml:2:1-75
11-->src/main/AndroidManifest.xml:2:18-72
12    <uses-permission android:name="android.permission.USE_EXACT_ALARM" />
12-->src/main/AndroidManifest.xml:3:1-70
12-->src/main/AndroidManifest.xml:3:18-67
13    <uses-permission android:name="android.permission.INTERNET" />
13-->[:firebase_messaging] AndroidManifest.xml:9:5-67
13-->[:firebase_messaging] AndroidManifest.xml:9:22-64
14    <uses-permission android:name="android.permission.WAKE_LOCK" />
14-->[:firebase_messaging] AndroidManifest.xml:10:5-68
14-->[:firebase_messaging] AndroidManifest.xml:10:22-65
15    <uses-permission android:name="android.permission.ACCESS_NETWORK_STATE" /> <!-- Permissions options for the `notification` group -->
15-->[:firebase_messaging] AndroidManifest.xml:11:5-79
15-->[:firebase_messaging] AndroidManifest.xml:11:22-76
16    <uses-permission android:name="android.permission.POST_NOTIFICATIONS" />
16-->[:firebase_messaging] AndroidManifest.xml:13:5-77
16-->[:firebase_messaging] AndroidManifest.xml:13:22-74
17    <uses-permission
17-->[:file_picker] AndroidManifest.xml:9:5-11:38
18        android:name="android.permission.READ_EXTERNAL_STORAGE"
18-->[:file_picker] AndroidManifest.xml:10:9-64
19        android:maxSdkVersion="32" />
19-->[:file_picker] AndroidManifest.xml:11:9-35
20
21    <queries>
21-->[:file_picker] AndroidManifest.xml:13:5-19:15
22        <intent>
22-->[:file_picker] AndroidManifest.xml:14:9-18:18
23            <action android:name="android.intent.action.GET_CONTENT" />
23-->[:file_picker] AndroidManifest.xml:15:13-72
23-->[:file_picker] AndroidManifest.xml:15:21-69
24
25            <data android:mimeType="*/*" />
25-->[:file_picker] AndroidManifest.xml:17:13-44
25-->[:file_picker] AndroidManifest.xml:17:19-41
26        </intent>
27    </queries>
28
29    <uses-permission android:name="android.permission.RECEIVE_BOOT_COMPLETED" />
29-->[:flutter_local_notifications] AndroidManifest.xml:9:5-81
29-->[:flutter_local_notifications] AndroidManifest.xml:9:22-78
30    <uses-permission android:name="android.permission.VIBRATE" />
30-->[:flutter_local_notifications] AndroidManifest.xml:10:5-66
30-->[:flutter_local_notifications] AndroidManifest.xml:10:22-63
31    <uses-permission android:name="android.permission.USE_FULL_SCREEN_INTENT" /> <!-- Required by older versions of Google Play services to create IID tokens -->
31-->[:flutter_local_notifications] AndroidManifest.xml:11:5-81
31-->[:flutter_local_notifications] AndroidManifest.xml:11:22-78
32    <uses-permission android:name="com.google.android.c2dm.permission.RECEIVE" />
32-->[com.google.firebase:firebase-messaging:23.4.0] AndroidManifest.xml:26:5-82
32-->[com.google.firebase:firebase-messaging:23.4.0] AndroidManifest.xml:26:22-79
33
34    <permission
34-->[androidx.core:core:1.10.1] AndroidManifest.xml:22:5-24:47
35        android:name="com.alphacom.driver.DYNAMIC_RECEIVER_NOT_EXPORTED_PERMISSION"
35-->[androidx.core:core:1.10.1] AndroidManifest.xml:23:9-81
36        android:protectionLevel="signature" />
36-->[androidx.core:core:1.10.1] AndroidManifest.xml:24:9-44
37
38    <uses-permission android:name="com.alphacom.driver.DYNAMIC_RECEIVER_NOT_EXPORTED_PERMISSION" />
38-->[androidx.core:core:1.10.1] AndroidManifest.xml:26:5-97
38-->[androidx.core:core:1.10.1] AndroidManifest.xml:26:22-94
39    <uses-permission android:name="android.permission.CAMERA" /> <!-- Don't require camera, as this requires a rear camera. This allows it to work on the Nexus 7 -->
39-->[com.journeyapps:zxing-android-embedded:4.3.0] AndroidManifest.xml:22:5-65
39-->[com.journeyapps:zxing-android-embedded:4.3.0] AndroidManifest.xml:22:22-62
40    <uses-feature
40-->[com.journeyapps:zxing-android-embedded:4.3.0] AndroidManifest.xml:25:5-27:36
41        android:name="android.hardware.camera"
41-->[com.journeyapps:zxing-android-embedded:4.3.0] AndroidManifest.xml:26:9-47
42        android:required="false" />
42-->[com.journeyapps:zxing-android-embedded:4.3.0] AndroidManifest.xml:27:9-33
43    <uses-feature
43-->[com.journeyapps:zxing-android-embedded:4.3.0] AndroidManifest.xml:28:5-30:36
44        android:name="android.hardware.camera.front"
44-->[com.journeyapps:zxing-android-embedded:4.3.0] AndroidManifest.xml:29:9-53
45        android:required="false" /> <!-- TODO replace above two with next line after Android 4.2 -->
45-->[com.journeyapps:zxing-android-embedded:4.3.0] AndroidManifest.xml:30:9-33
46    <!-- <uses-feature android:name="android.hardware.camera.any"/> -->
47    <uses-feature
47-->[com.journeyapps:zxing-android-embedded:4.3.0] AndroidManifest.xml:33:5-35:36
48        android:name="android.hardware.camera.autofocus"
48-->[com.journeyapps:zxing-android-embedded:4.3.0] AndroidManifest.xml:34:9-57
49        android:required="false" />
49-->[com.journeyapps:zxing-android-embedded:4.3.0] AndroidManifest.xml:35:9-33
50    <uses-feature
50-->[com.journeyapps:zxing-android-embedded:4.3.0] AndroidManifest.xml:36:5-38:36
51        android:name="android.hardware.camera.flash"
51-->[com.journeyapps:zxing-android-embedded:4.3.0] AndroidManifest.xml:37:9-53
52        android:required="false" />
52-->[com.journeyapps:zxing-android-embedded:4.3.0] AndroidManifest.xml:38:9-33
53    <uses-feature
53-->[com.journeyapps:zxing-android-embedded:4.3.0] AndroidManifest.xml:39:5-41:36
54        android:name="android.hardware.screen.landscape"
54-->[com.journeyapps:zxing-android-embedded:4.3.0] AndroidManifest.xml:40:9-57
55        android:required="false" />
55-->[com.journeyapps:zxing-android-embedded:4.3.0] AndroidManifest.xml:41:9-33
56    <uses-feature
56-->[com.journeyapps:zxing-android-embedded:4.3.0] AndroidManifest.xml:42:5-44:36
57        android:name="android.hardware.wifi"
57-->[com.journeyapps:zxing-android-embedded:4.3.0] AndroidManifest.xml:43:9-45
58        android:required="false" />
58-->[com.journeyapps:zxing-android-embedded:4.3.0] AndroidManifest.xml:44:9-33
59
60    <application
61        android:name="android.app.Application"
61-->src/main/AndroidManifest.xml:6:9-42
62        android:appComponentFactory="androidx.core.app.CoreComponentFactory"
62-->[androidx.core:core:1.10.1] AndroidManifest.xml:28:18-86
63        android:icon="@mipmap/ic_launcher"
63-->src/main/AndroidManifest.xml:7:9-43
64        android:label="Alpha Driver" >
64-->src/main/AndroidManifest.xml:5:9-37
65        <activity
65-->src/main/AndroidManifest.xml:8:9-28:20
66            android:name="com.alphacom.driver.MainActivity"
66-->src/main/AndroidManifest.xml:9:13-41
67            android:configChanges="orientation|keyboardHidden|keyboard|screenSize|smallestScreenSize|locale|layoutDirection|fontScale|screenLayout|density|uiMode"
67-->src/main/AndroidManifest.xml:13:13-163
68            android:exported="true"
68-->src/main/AndroidManifest.xml:10:13-36
69            android:hardwareAccelerated="true"
69-->src/main/AndroidManifest.xml:14:13-47
70            android:launchMode="singleTop"
70-->src/main/AndroidManifest.xml:11:13-43
71            android:theme="@style/LaunchTheme"
71-->src/main/AndroidManifest.xml:12:13-47
72            android:windowSoftInputMode="adjustResize" >
72-->src/main/AndroidManifest.xml:15:13-55
73
74            <!--
75                 Specifies an Android theme to apply to this Activity as soon as
76                 the Android process has started. This theme is visible to the user
77                 while the Flutter UI initializes. After that, this theme continues
78                 to determine the Window background behind the Flutter UI.
79            -->
80            <meta-data
80-->src/main/AndroidManifest.xml:20:13-23:17
81                android:name="io.flutter.embedding.android.NormalTheme"
81-->src/main/AndroidManifest.xml:21:15-70
82                android:resource="@style/NormalTheme" />
82-->src/main/AndroidManifest.xml:22:15-52
83
84            <intent-filter>
84-->src/main/AndroidManifest.xml:24:13-27:29
85                <action android:name="android.intent.action.MAIN" />
85-->src/main/AndroidManifest.xml:25:17-68
85-->src/main/AndroidManifest.xml:25:25-66
86
87                <category android:name="android.intent.category.LAUNCHER" />
87-->src/main/AndroidManifest.xml:26:17-76
87-->src/main/AndroidManifest.xml:26:27-74
88            </intent-filter>
89        </activity>
90
91        <!--
92             Don't delete the meta-data below.
93             This is used by the Flutter tool to generate GeneratedPluginRegistrant.java
94        -->
95        <meta-data
95-->src/main/AndroidManifest.xml:32:9-34:33
96            android:name="flutterEmbedding"
96-->src/main/AndroidManifest.xml:33:13-44
97            android:value="2" />
97-->src/main/AndroidManifest.xml:34:13-30
98
99        <service
99-->[:firebase_messaging] AndroidManifest.xml:16:9-19:72
100            android:name="io.flutter.plugins.firebase.messaging.FlutterFirebaseMessagingBackgroundService"
100-->[:firebase_messaging] AndroidManifest.xml:17:13-107
101            android:exported="false"
101-->[:firebase_messaging] AndroidManifest.xml:18:13-37
102            android:permission="android.permission.BIND_JOB_SERVICE" />
102-->[:firebase_messaging] AndroidManifest.xml:19:13-69
103        <service
103-->[:firebase_messaging] AndroidManifest.xml:20:9-26:19
104            android:name="io.flutter.plugins.firebase.messaging.FlutterFirebaseMessagingService"
104-->[:firebase_messaging] AndroidManifest.xml:21:13-97
105            android:exported="false" >
105-->[:firebase_messaging] AndroidManifest.xml:22:13-37
106            <intent-filter>
106-->[:firebase_messaging] AndroidManifest.xml:23:13-25:29
107                <action android:name="com.google.firebase.MESSAGING_EVENT" />
107-->[:firebase_messaging] AndroidManifest.xml:24:17-78
107-->[:firebase_messaging] AndroidManifest.xml:24:25-75
108            </intent-filter>
109        </service>
110
111        <receiver
111-->[:firebase_messaging] AndroidManifest.xml:28:9-35:20
112            android:name="io.flutter.plugins.firebase.messaging.FlutterFirebaseMessagingReceiver"
112-->[:firebase_messaging] AndroidManifest.xml:29:13-98
113            android:exported="true"
113-->[:firebase_messaging] AndroidManifest.xml:30:13-36
114            android:permission="com.google.android.c2dm.permission.SEND" >
114-->[:firebase_messaging] AndroidManifest.xml:31:13-73
115            <intent-filter>
115-->[:firebase_messaging] AndroidManifest.xml:32:13-34:29
116                <action android:name="com.google.android.c2dm.intent.RECEIVE" />
116-->[:firebase_messaging] AndroidManifest.xml:33:17-81
116-->[:firebase_messaging] AndroidManifest.xml:33:25-78
117            </intent-filter>
118        </receiver>
119
120        <service
120-->[:firebase_messaging] AndroidManifest.xml:37:9-41:19
121            android:name="com.google.firebase.components.ComponentDiscoveryService"
121-->[:firebase_messaging] AndroidManifest.xml:37:18-89
122            android:directBootAware="true"
122-->[com.google.firebase:firebase-common:20.4.2] AndroidManifest.xml:32:13-43
123            android:exported="false" >
123-->[com.google.firebase:firebase-messaging:23.4.0] AndroidManifest.xml:56:13-37
124            <meta-data
124-->[:firebase_messaging] AndroidManifest.xml:38:13-40:85
125                android:name="com.google.firebase.components:io.flutter.plugins.firebase.messaging.FlutterFirebaseAppRegistrar"
125-->[:firebase_messaging] AndroidManifest.xml:39:17-128
126                android:value="com.google.firebase.components.ComponentRegistrar" />
126-->[:firebase_messaging] AndroidManifest.xml:40:17-82
127            <meta-data
127-->[:firebase_core] AndroidManifest.xml:11:13-13:85
128                android:name="com.google.firebase.components:io.flutter.plugins.firebase.core.FlutterFirebaseCoreRegistrar"
128-->[:firebase_core] AndroidManifest.xml:12:17-124
129                android:value="com.google.firebase.components.ComponentRegistrar" />
129-->[:firebase_core] AndroidManifest.xml:13:17-82
130            <meta-data
130-->[com.google.firebase:firebase-messaging:23.4.0] AndroidManifest.xml:57:13-59:85
131                android:name="com.google.firebase.components:com.google.firebase.messaging.FirebaseMessagingKtxRegistrar"
131-->[com.google.firebase:firebase-messaging:23.4.0] AndroidManifest.xml:58:17-122
132                android:value="com.google.firebase.components.ComponentRegistrar" />
132-->[com.google.firebase:firebase-messaging:23.4.0] AndroidManifest.xml:59:17-82
133            <meta-data
133-->[com.google.firebase:firebase-messaging:23.4.0] AndroidManifest.xml:60:13-62:85
134                android:name="com.google.firebase.components:com.google.firebase.messaging.FirebaseMessagingRegistrar"
134-->[com.google.firebase:firebase-messaging:23.4.0] AndroidManifest.xml:61:17-119
135                android:value="com.google.firebase.components.ComponentRegistrar" />
135-->[com.google.firebase:firebase-messaging:23.4.0] AndroidManifest.xml:62:17-82
136            <meta-data
136-->[com.google.firebase:firebase-iid:21.1.0] AndroidManifest.xml:32:13-34:85
137                android:name="com.google.firebase.components:com.google.firebase.iid.Registrar"
137-->[com.google.firebase:firebase-iid:21.1.0] AndroidManifest.xml:33:17-96
138                android:value="com.google.firebase.components.ComponentRegistrar" />
138-->[com.google.firebase:firebase-iid:21.1.0] AndroidManifest.xml:34:17-82
139            <meta-data
139-->[com.google.firebase:firebase-installations:17.2.0] AndroidManifest.xml:15:13-17:85
140                android:name="com.google.firebase.components:com.google.firebase.installations.FirebaseInstallationsKtxRegistrar"
140-->[com.google.firebase:firebase-installations:17.2.0] AndroidManifest.xml:16:17-130
141                android:value="com.google.firebase.components.ComponentRegistrar" />
141-->[com.google.firebase:firebase-installations:17.2.0] AndroidManifest.xml:17:17-82
142            <meta-data
142-->[com.google.firebase:firebase-installations:17.2.0] AndroidManifest.xml:18:13-20:85
143                android:name="com.google.firebase.components:com.google.firebase.installations.FirebaseInstallationsRegistrar"
143-->[com.google.firebase:firebase-installations:17.2.0] AndroidManifest.xml:19:17-127
144                android:value="com.google.firebase.components.ComponentRegistrar" />
144-->[com.google.firebase:firebase-installations:17.2.0] AndroidManifest.xml:20:17-82
145            <meta-data
145-->[com.google.firebase:firebase-common-ktx:20.4.2] AndroidManifest.xml:12:13-14:85
146                android:name="com.google.firebase.components:com.google.firebase.ktx.FirebaseCommonLegacyRegistrar"
146-->[com.google.firebase:firebase-common-ktx:20.4.2] AndroidManifest.xml:13:17-116
147                android:value="com.google.firebase.components.ComponentRegistrar" />
147-->[com.google.firebase:firebase-common-ktx:20.4.2] AndroidManifest.xml:14:17-82
148            <meta-data
148-->[com.google.firebase:firebase-common:20.4.2] AndroidManifest.xml:35:13-37:85
149                android:name="com.google.firebase.components:com.google.firebase.FirebaseCommonKtxRegistrar"
149-->[com.google.firebase:firebase-common:20.4.2] AndroidManifest.xml:36:17-109
150                android:value="com.google.firebase.components.ComponentRegistrar" />
150-->[com.google.firebase:firebase-common:20.4.2] AndroidManifest.xml:37:17-82
151            <meta-data
151-->[com.google.firebase:firebase-datatransport:18.1.7] AndroidManifest.xml:27:13-29:85
152                android:name="com.google.firebase.components:com.google.firebase.datatransport.TransportRegistrar"
152-->[com.google.firebase:firebase-datatransport:18.1.7] AndroidManifest.xml:28:17-115
153                android:value="com.google.firebase.components.ComponentRegistrar" />
153-->[com.google.firebase:firebase-datatransport:18.1.7] AndroidManifest.xml:29:17-82
154        </service>
155
156        <provider
156-->[:firebase_messaging] AndroidManifest.xml:43:9-47:38
157            android:name="io.flutter.plugins.firebase.messaging.FlutterFirebaseMessagingInitProvider"
157-->[:firebase_messaging] AndroidManifest.xml:44:13-102
158            android:authorities="com.alphacom.driver.flutterfirebasemessaginginitprovider"
158-->[:firebase_messaging] AndroidManifest.xml:45:13-88
159            android:exported="false"
159-->[:firebase_messaging] AndroidManifest.xml:46:13-37
160            android:initOrder="99" />
160-->[:firebase_messaging] AndroidManifest.xml:47:13-35
161        <provider
161-->[:image_picker_android] AndroidManifest.xml:10:9-18:20
162            android:name="io.flutter.plugins.imagepicker.ImagePickerFileProvider"
162-->[:image_picker_android] AndroidManifest.xml:11:13-82
163            android:authorities="com.alphacom.driver.flutter.image_provider"
163-->[:image_picker_android] AndroidManifest.xml:12:13-74
164            android:exported="false"
164-->[:image_picker_android] AndroidManifest.xml:13:13-37
165            android:grantUriPermissions="true" >
165-->[:image_picker_android] AndroidManifest.xml:14:13-47
166            <meta-data
166-->[:image_picker_android] AndroidManifest.xml:15:13-17:75
167                android:name="android.support.FILE_PROVIDER_PATHS"
167-->[:image_picker_android] AndroidManifest.xml:16:17-67
168                android:resource="@xml/flutter_image_picker_file_paths" />
168-->[:image_picker_android] AndroidManifest.xml:17:17-72
169        </provider>
170
171        <receiver
171-->[:flutter_local_notifications] AndroidManifest.xml:16:9-18:40
172            android:name="com.dexterous.flutterlocalnotifications.ActionBroadcastReceiver"
172-->[:flutter_local_notifications] AndroidManifest.xml:17:13-91
173            android:exported="false" />
173-->[:flutter_local_notifications] AndroidManifest.xml:18:13-37
174        <receiver
174-->[:flutter_local_notifications] AndroidManifest.xml:19:9-21:40
175            android:name="com.dexterous.flutterlocalnotifications.ScheduledNotificationReceiver"
175-->[:flutter_local_notifications] AndroidManifest.xml:20:13-97
176            android:exported="false" />
176-->[:flutter_local_notifications] AndroidManifest.xml:21:13-37
177        <receiver
177-->[:flutter_local_notifications] AndroidManifest.xml:22:9-31:20
178            android:name="com.dexterous.flutterlocalnotifications.ScheduledNotificationBootReceiver"
178-->[:flutter_local_notifications] AndroidManifest.xml:23:13-101
179            android:exported="false" >
179-->[:flutter_local_notifications] AndroidManifest.xml:24:13-37
180            <intent-filter>
180-->[:flutter_local_notifications] AndroidManifest.xml:25:13-30:29
181                <action android:name="android.intent.action.BOOT_COMPLETED" />
181-->[:flutter_local_notifications] AndroidManifest.xml:26:17-79
181-->[:flutter_local_notifications] AndroidManifest.xml:26:25-76
182                <action android:name="android.intent.action.MY_PACKAGE_REPLACED" />
182-->[:flutter_local_notifications] AndroidManifest.xml:27:17-84
182-->[:flutter_local_notifications] AndroidManifest.xml:27:25-81
183                <action android:name="android.intent.action.QUICKBOOT_POWERON" />
183-->[:flutter_local_notifications] AndroidManifest.xml:28:17-82
183-->[:flutter_local_notifications] AndroidManifest.xml:28:25-79
184                <action android:name="com.htc.intent.action.QUICKBOOT_POWERON" />
184-->[:flutter_local_notifications] AndroidManifest.xml:29:17-82
184-->[:flutter_local_notifications] AndroidManifest.xml:29:25-79
185            </intent-filter>
186        </receiver>
187
188        <activity
188-->[:url_launcher_android] AndroidManifest.xml:10:9-13:74
189            android:name="io.flutter.plugins.urllauncher.WebViewActivity"
189-->[:url_launcher_android] AndroidManifest.xml:11:13-74
190            android:exported="false"
190-->[:url_launcher_android] AndroidManifest.xml:12:13-37
191            android:theme="@android:style/Theme.NoTitleBar.Fullscreen" />
191-->[:url_launcher_android] AndroidManifest.xml:13:13-71
192
193        <receiver
193-->[com.google.firebase:firebase-messaging:23.4.0] AndroidManifest.xml:29:9-40:20
194            android:name="com.google.firebase.iid.FirebaseInstanceIdReceiver"
194-->[com.google.firebase:firebase-messaging:23.4.0] AndroidManifest.xml:30:13-78
195            android:exported="true"
195-->[com.google.firebase:firebase-messaging:23.4.0] AndroidManifest.xml:31:13-36
196            android:permission="com.google.android.c2dm.permission.SEND" >
196-->[com.google.firebase:firebase-messaging:23.4.0] AndroidManifest.xml:32:13-73
197            <intent-filter>
197-->[:firebase_messaging] AndroidManifest.xml:32:13-34:29
198                <action android:name="com.google.android.c2dm.intent.RECEIVE" />
198-->[:firebase_messaging] AndroidManifest.xml:33:17-81
198-->[:firebase_messaging] AndroidManifest.xml:33:25-78
199            </intent-filter>
200
201            <meta-data
201-->[com.google.firebase:firebase-messaging:23.4.0] AndroidManifest.xml:37:13-39:40
202                android:name="com.google.android.gms.cloudmessaging.FINISHED_AFTER_HANDLED"
202-->[com.google.firebase:firebase-messaging:23.4.0] AndroidManifest.xml:38:17-92
203                android:value="true" />
203-->[com.google.firebase:firebase-messaging:23.4.0] AndroidManifest.xml:39:17-37
204        </receiver>
205        <!--
206             FirebaseMessagingService performs security checks at runtime,
207             but set to not exported to explicitly avoid allowing another app to call it.
208        -->
209        <service
209-->[com.google.firebase:firebase-messaging:23.4.0] AndroidManifest.xml:46:9-53:19
210            android:name="com.google.firebase.messaging.FirebaseMessagingService"
210-->[com.google.firebase:firebase-messaging:23.4.0] AndroidManifest.xml:47:13-82
211            android:directBootAware="true"
211-->[com.google.firebase:firebase-messaging:23.4.0] AndroidManifest.xml:48:13-43
212            android:exported="false" >
212-->[com.google.firebase:firebase-messaging:23.4.0] AndroidManifest.xml:49:13-37
213            <intent-filter android:priority="-500" >
213-->[:firebase_messaging] AndroidManifest.xml:23:13-25:29
214                <action android:name="com.google.firebase.MESSAGING_EVENT" />
214-->[:firebase_messaging] AndroidManifest.xml:24:17-78
214-->[:firebase_messaging] AndroidManifest.xml:24:25-75
215            </intent-filter>
216        </service>
217
218        <provider
218-->[com.google.firebase:firebase-common:20.4.2] AndroidManifest.xml:23:9-28:39
219            android:name="com.google.firebase.provider.FirebaseInitProvider"
219-->[com.google.firebase:firebase-common:20.4.2] AndroidManifest.xml:24:13-77
220            android:authorities="com.alphacom.driver.firebaseinitprovider"
220-->[com.google.firebase:firebase-common:20.4.2] AndroidManifest.xml:25:13-72
221            android:directBootAware="true"
221-->[com.google.firebase:firebase-common:20.4.2] AndroidManifest.xml:26:13-43
222            android:exported="false"
222-->[com.google.firebase:firebase-common:20.4.2] AndroidManifest.xml:27:13-37
223            android:initOrder="100" />
223-->[com.google.firebase:firebase-common:20.4.2] AndroidManifest.xml:28:13-36
224
225        <activity
225-->[com.google.android.gms:play-services-base:18.0.1] AndroidManifest.xml:20:9-22:45
226            android:name="com.google.android.gms.common.api.GoogleApiActivity"
226-->[com.google.android.gms:play-services-base:18.0.1] AndroidManifest.xml:20:19-85
227            android:exported="false"
227-->[com.google.android.gms:play-services-base:18.0.1] AndroidManifest.xml:22:19-43
228            android:theme="@android:style/Theme.Translucent.NoTitleBar" />
228-->[com.google.android.gms:play-services-base:18.0.1] AndroidManifest.xml:21:19-78
229
230        <meta-data
230-->[com.google.android.gms:play-services-basement:18.1.0] AndroidManifest.xml:21:9-23:69
231            android:name="com.google.android.gms.version"
231-->[com.google.android.gms:play-services-basement:18.1.0] AndroidManifest.xml:22:13-58
232            android:value="@integer/google_play_services_version" />
232-->[com.google.android.gms:play-services-basement:18.1.0] AndroidManifest.xml:23:13-66
233
234        <provider
234-->[androidx.emoji2:emoji2:1.0.0] AndroidManifest.xml:26:9-34:20
235            android:name="androidx.startup.InitializationProvider"
235-->[androidx.emoji2:emoji2:1.0.0] AndroidManifest.xml:27:13-67
236            android:authorities="com.alphacom.driver.androidx-startup"
236-->[androidx.emoji2:emoji2:1.0.0] AndroidManifest.xml:28:13-68
237            android:exported="false" >
237-->[androidx.emoji2:emoji2:1.0.0] AndroidManifest.xml:29:13-37
238            <meta-data
238-->[androidx.emoji2:emoji2:1.0.0] AndroidManifest.xml:31:13-33:52
239                android:name="androidx.emoji2.text.EmojiCompatInitializer"
239-->[androidx.emoji2:emoji2:1.0.0] AndroidManifest.xml:32:17-75
240                android:value="androidx.startup" />
240-->[androidx.emoji2:emoji2:1.0.0] AndroidManifest.xml:33:17-49
241            <meta-data
241-->[androidx.lifecycle:lifecycle-process:2.6.1] AndroidManifest.xml:29:13-31:52
242                android:name="androidx.lifecycle.ProcessLifecycleInitializer"
242-->[androidx.lifecycle:lifecycle-process:2.6.1] AndroidManifest.xml:30:17-78
243                android:value="androidx.startup" />
243-->[androidx.lifecycle:lifecycle-process:2.6.1] AndroidManifest.xml:31:17-49
244            <meta-data
244-->[androidx.profileinstaller:profileinstaller:1.3.0] AndroidManifest.xml:29:13-31:52
245                android:name="androidx.profileinstaller.ProfileInstallerInitializer"
245-->[androidx.profileinstaller:profileinstaller:1.3.0] AndroidManifest.xml:30:17-85
246                android:value="androidx.startup" />
246-->[androidx.profileinstaller:profileinstaller:1.3.0] AndroidManifest.xml:31:17-49
247        </provider>
248
249        <uses-library
249-->[androidx.window:window:1.0.0-beta04] AndroidManifest.xml:25:9-27:40
250            android:name="androidx.window.extensions"
250-->[androidx.window:window:1.0.0-beta04] AndroidManifest.xml:26:13-54
251            android:required="false" />
251-->[androidx.window:window:1.0.0-beta04] AndroidManifest.xml:27:13-37
252        <uses-library
252-->[androidx.window:window:1.0.0-beta04] AndroidManifest.xml:28:9-30:40
253            android:name="androidx.window.sidecar"
253-->[androidx.window:window:1.0.0-beta04] AndroidManifest.xml:29:13-51
254            android:required="false" />
254-->[androidx.window:window:1.0.0-beta04] AndroidManifest.xml:30:13-37
255
256        <receiver
256-->[androidx.profileinstaller:profileinstaller:1.3.0] AndroidManifest.xml:34:9-52:20
257            android:name="androidx.profileinstaller.ProfileInstallReceiver"
257-->[androidx.profileinstaller:profileinstaller:1.3.0] AndroidManifest.xml:35:13-76
258            android:directBootAware="false"
258-->[androidx.profileinstaller:profileinstaller:1.3.0] AndroidManifest.xml:36:13-44
259            android:enabled="true"
259-->[androidx.profileinstaller:profileinstaller:1.3.0] AndroidManifest.xml:37:13-35
260            android:exported="true"
260-->[androidx.profileinstaller:profileinstaller:1.3.0] AndroidManifest.xml:38:13-36
261            android:permission="android.permission.DUMP" >
261-->[androidx.profileinstaller:profileinstaller:1.3.0] AndroidManifest.xml:39:13-57
262            <intent-filter>
262-->[androidx.profileinstaller:profileinstaller:1.3.0] AndroidManifest.xml:40:13-42:29
263                <action android:name="androidx.profileinstaller.action.INSTALL_PROFILE" />
263-->[androidx.profileinstaller:profileinstaller:1.3.0] AndroidManifest.xml:41:17-91
263-->[androidx.profileinstaller:profileinstaller:1.3.0] AndroidManifest.xml:41:25-88
264            </intent-filter>
265            <intent-filter>
265-->[androidx.profileinstaller:profileinstaller:1.3.0] AndroidManifest.xml:43:13-45:29
266                <action android:name="androidx.profileinstaller.action.SKIP_FILE" />
266-->[androidx.profileinstaller:profileinstaller:1.3.0] AndroidManifest.xml:44:17-85
266-->[androidx.profileinstaller:profileinstaller:1.3.0] AndroidManifest.xml:44:25-82
267            </intent-filter>
268            <intent-filter>
268-->[androidx.profileinstaller:profileinstaller:1.3.0] AndroidManifest.xml:46:13-48:29
269                <action android:name="androidx.profileinstaller.action.SAVE_PROFILE" />
269-->[androidx.profileinstaller:profileinstaller:1.3.0] AndroidManifest.xml:47:17-88
269-->[androidx.profileinstaller:profileinstaller:1.3.0] AndroidManifest.xml:47:25-85
270            </intent-filter>
271            <intent-filter>
271-->[androidx.profileinstaller:profileinstaller:1.3.0] AndroidManifest.xml:49:13-51:29
272                <action android:name="androidx.profileinstaller.action.BENCHMARK_OPERATION" />
272-->[androidx.profileinstaller:profileinstaller:1.3.0] AndroidManifest.xml:50:17-95
272-->[androidx.profileinstaller:profileinstaller:1.3.0] AndroidManifest.xml:50:25-92
273            </intent-filter>
274        </receiver>
275
276        <service
276-->[com.google.android.datatransport:transport-backend-cct:3.1.8] AndroidManifest.xml:28:9-34:19
277            android:name="com.google.android.datatransport.runtime.backends.TransportBackendDiscovery"
277-->[com.google.android.datatransport:transport-backend-cct:3.1.8] AndroidManifest.xml:29:13-103
278            android:exported="false" >